<?xml version="1.0" encoding="UTF-8"?>
<Site BuildName="Linux-clang++"
	BuildStamp="20231011-2114-Experimental"
	Name="ATJOWT-PC"
	Generator="ctest-3.22.1"
	CompilerName="/usr/bin/clang++"
	CompilerVersion=""
	OSName="Linux"
	Hostname="ATJOWT-PC"
	OSRelease="6.1.0-1022-oem"
	OSVersion="#22-Ubuntu SMP PREEMPT_DYNAMIC Wed Sep  6 08:19:34 UTC 2023"
	OSPlatform="x86_64"
	Is64Bits="1"
	VendorString="GenuineIntel"
	VendorID="Intel Corporation"
	FamilyID="6"
	ModelID="158"
	ProcessorCacheSize="6144"
	NumberOfLogicalCPU="4"
	NumberOfPhysicalCPU="4"
	TotalVirtualMemory="2047"
	TotalPhysicalMemory="15933"
	LogicalProcessorsPerPhysical="1"
	ProcessorClockFrequency="3300"
	>
	<Testing>
		<StartDateTime>Oct 11 23:14 CEST</StartDateTime>
		<StartTestTime>1697058879</StartTestTime>
		<TestList/>
		<EndDateTime>Oct 11 23:14 CEST</EndDateTime>
		<EndTestTime>1697058879</EndTestTime>
		<ElapsedMinutes>0</ElapsedMinutes>
	</Testing>
</Site>
